  stdafx.cpp
  Bob.cpp
  DetectCollisions.cpp
d:\google drive\my project\games\thomaswaslate\thomaswaslate\detectcollisions.cpp(13): warning C4244: '=': conversion from 'const int' to 'float', possible loss of data
d:\google drive\my project\games\thomaswaslate\thomaswaslate\detectcollisions.cpp(14): warning C4244: '=': conversion from 'const int' to 'float', possible loss of data
d:\google drive\my project\games\thomaswaslate\thomaswaslate\detectcollisions.cpp(35): warning C4244: 'argument': conversion from 'int' to 'float', possible loss of data
d:\google drive\my project\games\thomaswaslate\thomaswaslate\detectcollisions.cpp(39): warning C4244: 'argument': conversion from 'const int' to 'float', possible loss of data
d:\google drive\my project\games\thomaswaslate\thomaswaslate\detectcollisions.cpp(47): warning C4244: '=': conversion from 'int' to 'float', possible loss of data
d:\google drive\my project\games\thomaswaslate\thomaswaslate\detectcollisions.cpp(48): warning C4244: '=': conversion from 'int' to 'float', possible loss of data
d:\google drive\my project\games\thomaswaslate\thomaswaslate\detectcollisions.cpp(56): warning C4244: 'argument': conversion from 'const int' to 'float', possible loss of data
  Draw.cpp
  Engine.cpp
d:\google drive\my project\games\thomaswaslate\thomaswaslate\engine.cpp(6): warning C4244: '=': conversion from 'unsigned int' to 'float', possible loss of data
d:\google drive\my project\games\thomaswaslate\thomaswaslate\engine.cpp(7): warning C4244: '=': conversion from 'unsigned int' to 'float', possible loss of data
d:\google drive\my project\games\thomaswaslate\thomaswaslate\engine.cpp(9): warning C4244: 'argument': conversion from 'float' to 'unsigned int', possible loss of data
  HUD.cpp
d:\google drive\my project\games\thomaswaslate\thomaswaslate\hud.cpp(24): warning C4244: 'argument': conversion from 'unsigned int' to 'float', possible loss of data
  Input.cpp
  LevelManager.cpp
d:\google drive\my project\games\thomaswaslate\thomaswaslate\levelmanager.cpp(71): warning C4018: '<': signed/unsigned mismatch
d:\google drive\my project\games\thomaswaslate\thomaswaslate\levelmanager.cpp(89): warning C4244: 'argument': conversion from 'int' to 'float', possible loss of data
d:\google drive\my project\games\thomaswaslate\thomaswaslate\levelmanager.cpp(90): warning C4244: 'argument': conversion from 'int' to 'float', possible loss of data
d:\google drive\my project\games\thomaswaslate\thomaswaslate\levelmanager.cpp(91): warning C4244: 'argument': conversion from 'int' to 'float', possible loss of data
d:\google drive\my project\games\thomaswaslate\thomaswaslate\levelmanager.cpp(92): warning C4244: 'argument': conversion from 'int' to 'float', possible loss of data
d:\google drive\my project\games\thomaswaslate\thomaswaslate\levelmanager.cpp(96): warning C4244: 'argument': conversion from 'int' to 'float', possible loss of data
d:\google drive\my project\games\thomaswaslate\thomaswaslate\levelmanager.cpp(97): warning C4244: 'argument': conversion from 'int' to 'float', possible loss of data
d:\google drive\my project\games\thomaswaslate\thomaswaslate\levelmanager.cpp(97): warning C4244: 'argument': conversion from 'const int' to 'float', possible loss of data
d:\google drive\my project\games\thomaswaslate\thomaswaslate\levelmanager.cpp(98): warning C4244: 'argument': conversion from 'int' to 'float', possible loss of data
d:\google drive\my project\games\thomaswaslate\thomaswaslate\levelmanager.cpp(98): warning C4244: 'argument': conversion from 'const int' to 'float', possible loss of data
d:\google drive\my project\games\thomaswaslate\thomaswaslate\levelmanager.cpp(99): warning C4244: 'argument': conversion from 'int' to 'float', possible loss of data
  LoadLevel.cpp
d:\google drive\my project\games\thomaswaslate\thomaswaslate\loadlevel.cpp(18): warning C4244: 'argument': conversion from 'const int' to 'float', possible loss of data
d:\google drive\my project\games\thomaswaslate\thomaswaslate\loadlevel.cpp(19): warning C4244: 'argument': conversion from 'const int' to 'float', possible loss of data
  Particle.cpp
  ParticleSystem.cpp
d:\google drive\my project\games\thomaswaslate\thomaswaslate\particlesystem.cpp(13): warning C4244: 'argument': conversion from 'time_t' to 'unsigned int', possible loss of data
  PlayableCharacter.cpp
d:\google drive\my project\games\thomaswaslate\thomaswaslate\playablecharacter.cpp(69): warning C4244: '=': conversion from 'double' to 'float', possible loss of data
d:\google drive\my project\games\thomaswaslate\thomaswaslate\playablecharacter.cpp(75): warning C4244: '=': conversion from 'double' to 'float', possible loss of data
d:\google drive\my project\games\thomaswaslate\thomaswaslate\playablecharacter.cpp(77): warning C4244: '=': conversion from 'double' to 'float', possible loss of data
d:\google drive\my project\games\thomaswaslate\thomaswaslate\playablecharacter.cpp(81): warning C4244: '=': conversion from 'double' to 'float', possible loss of data
d:\google drive\my project\games\thomaswaslate\thomaswaslate\playablecharacter.cpp(83): warning C4244: '=': conversion from 'double' to 'float', possible loss of data
  PopulateEmitters.cpp
d:\google drive\my project\games\thomaswaslate\thomaswaslate\populateemitters.cpp(16): warning C4244: 'argument': conversion from 'const int' to 'float', possible loss of data
d:\google drive\my project\games\thomaswaslate\thomaswaslate\populateemitters.cpp(16): warning C4244: 'argument': conversion from 'int' to 'float', possible loss of data
d:\google drive\my project\games\thomaswaslate\thomaswaslate\populateemitters.cpp(17): warning C4244: 'argument': conversion from 'int' to 'float', possible loss of data
d:\google drive\my project\games\thomaswaslate\thomaswaslate\populateemitters.cpp(18): warning C4244: '=': conversion from 'int' to 'float', possible loss of data
d:\google drive\my project\games\thomaswaslate\thomaswaslate\populateemitters.cpp(19): warning C4244: '=': conversion from 'int' to 'float', possible loss of data
d:\google drive\my project\games\thomaswaslate\thomaswaslate\populateemitters.cpp(20): warning C4244: '=': conversion from 'int' to 'float', possible loss of data
d:\google drive\my project\games\thomaswaslate\thomaswaslate\populateemitters.cpp(21): warning C4244: '=': conversion from 'int' to 'float', possible loss of data
  SoundManager.cpp
  TextureHolder.cpp
  main.cpp
  Thomas.cpp
d:\google drive\my project\games\thomaswaslate\thomaswaslate\thomas.cpp(7): warning C4305: '=': truncation from 'double' to 'float'
  Update.cpp
  Generating Code...
  LINK : D:\Google Drive\My Project\Games\ThomasWasLate\Debug\ThomasWasLate.exe not found or not built by the last incremental link; performing full link
  ThomasWasLate.vcxproj -> D:\Google Drive\My Project\Games\ThomasWasLate\Debug\ThomasWasLate.exe
